<?xml version="1.0" encoding="UTF-8"?>
<testng-results ignored="0" total="1" passed="1" failed="0" skipped="0">
  <reporter-output>
  </reporter-output>
  <suite started-at="2020-12-04T09:34:59 ALMT" name="Surefire suite" finished-at="2020-12-04T09:34:59 ALMT" duration-ms="380">
    <groups>
    </groups>
    <test started-at="2020-12-04T09:34:59 ALMT" name="Surefire test" finished-at="2020-12-04T09:34:59 ALMT" duration-ms="380">
      <class name="TestCase">
        <test-method is-config="true" signature="setUp()[pri:0, instance:TestCase@2d127a61]" started-at="2020-12-04T09:34:59 ALMT" name="setUp" finished-at="2020-12-04T09:34:59 ALMT" duration-ms="327" status="PASS">
          <reporter-output>
          </reporter-output>
        </test-method> <!-- setUp -->
        <test-method signature="test()[pri:0, instance:TestCase@2d127a61]" started-at="2020-12-04T09:34:59 ALMT" name="test" finished-at="2020-12-04T09:34:59 ALMT" duration-ms="26" status="PASS">
          <reporter-output>
          </reporter-output>
        </test-method> <!-- test -->
        <test-method is-config="true" signature="tearDown()[pri:0, instance:TestCase@2d127a61]" started-at="2020-12-04T09:34:59 ALMT" name="tearDown" finished-at="2020-12-04T09:34:59 ALMT" duration-ms="0" status="PASS">
          <reporter-output>
          </reporter-output>
        </test-method> <!-- tearDown -->
      </class> <!-- TestCase -->
    </test> <!-- Surefire test -->
  </suite> <!-- Surefire suite -->
</testng-results>
